<?xml version="1.0" encoding="UTF-8"?>
<!-- Generated by org.testng.reporters.JUnitReportReporter -->
<testsuite name="com.Maven.Example.MavenDemo" tests="1" time="0.040" ignored="0" failures="0" timestamp="05 May 2017 00:18:25 GMT" skipped="0" hostname="Mahesh-PC" errors="0">
  <testcase name="test" time="0.040" classname="com.Maven.Example.MavenDemo"/>
</testsuite> <!-- com.Maven.Example.MavenDemo -->
